生成启动时间为 2016-3-30 11:31:19。
     1>项目“E:\hgl\semantic\semantic\semantic.vcxproj”在节点 2 上(build 个目标)。
     1>InitializeBuildStatus:
         正在创建“Debug\semantic.unsuccessfulbuild”，因为已指定“AlwaysCreate”。
       ClCompile:
         所有输出均为最新。
         C:\Program Files\Microsoft Visual Studio 10.0\VC\bin\CL.exe /c /ZI /nologo /W3 /WX- /Od /Oy- /D WIN32 /D _WINDOWS /D _DEBUG /D _AFXDLL /Gm /EHsc /RTC1 /MDd /GS /fp:precise /Zc:wchar_t /Zc:forScope /Yu"StdAfx.h" /Fp"Debug\semantic.pch" /Fo"Debug\\" /Fd"Debug\vc100.pdb" /Gd /TP /analyze- /errorReport:prompt semanticDlg.cpp
         semanticDlg.cpp
     1>e:\hgl\semantic\semantic\motor.h(181): warning C4244: “初始化”: 从“double”转换到“long”，可能丢失数据
     1>e:\hgl\semantic\semantic\motor.h(181): warning C4608: “CMotor::pos_radian”已被初始值设定项列表中的另一个联合成员“CMotor::<unnamed-tag>::CMotor::pos_dis”初始化
     1>e:\hgl\semantic\semantic\motor.h(181): warning C4608: “CMotor::pos_radian_des”已被初始值设定项列表中的另一个联合成员“CMotor::<unnamed-tag>::CMotor::pos_dis_des”初始化
     1>e:\hgl\semantic\semantic\motor.h(320): warning C4018: “>”: 有符号/无符号不匹配
     1>e:\hgl\semantic\semantic\semanticdlg.cpp(373): warning C4800: “int”: 将值强制为布尔值“true”或“false”(性能警告)
     1>e:\hgl\semantic\semantic\semanticdlg.cpp(374): warning C4800: “int”: 将值强制为布尔值“true”或“false”(性能警告)
     1>e:\hgl\semantic\semantic\semanticdlg.cpp(375): warning C4800: “int”: 将值强制为布尔值“true”或“false”(性能警告)
     1>e:\hgl\semantic\semantic\semanticdlg.cpp(376): warning C4800: “int”: 将值强制为布尔值“true”或“false”(性能警告)
     1>e:\hgl\semantic\semantic\semanticdlg.cpp(377): warning C4800: “int”: 将值强制为布尔值“true”或“false”(性能警告)
     1>e:\hgl\semantic\semantic\semanticdlg.cpp(378): warning C4800: “int”: 将值强制为布尔值“true”或“false”(性能警告)
     1>e:\hgl\semantic\semantic\semanticdlg.cpp(380): warning C4800: “int”: 将值强制为布尔值“true”或“false”(性能警告)
     1>e:\hgl\semantic\semantic\semanticdlg.cpp(381): warning C4800: “int”: 将值强制为布尔值“true”或“false”(性能警告)
     1>e:\hgl\semantic\semantic\semanticdlg.cpp(382): warning C4800: “int”: 将值强制为布尔值“true”或“false”(性能警告)
     1>e:\hgl\semantic\semantic\semanticdlg.cpp(383): warning C4800: “int”: 将值强制为布尔值“true”或“false”(性能警告)
     1>e:\hgl\semantic\semantic\semanticdlg.cpp(384): warning C4800: “int”: 将值强制为布尔值“true”或“false”(性能警告)
     1>e:\hgl\semantic\semantic\semanticdlg.cpp(385): warning C4800: “int”: 将值强制为布尔值“true”或“false”(性能警告)
     1>e:\hgl\semantic\semantic\semanticdlg.cpp(386): warning C4800: “int”: 将值强制为布尔值“true”或“false”(性能警告)
     1>e:\hgl\semantic\semantic\semanticdlg.cpp(387): warning C4800: “int”: 将值强制为布尔值“true”或“false”(性能警告)
     1>e:\hgl\semantic\semantic\semanticdlg.cpp(388): warning C4800: “int”: 将值强制为布尔值“true”或“false”(性能警告)
     1>e:\hgl\semantic\semantic\semanticdlg.cpp(389): warning C4800: “int”: 将值强制为布尔值“true”或“false”(性能警告)
     1>e:\hgl\semantic\semantic\semanticdlg.cpp(667): warning C4996: 'itoa': The POSIX name for this item is deprecated. Instead, use the ISO C++ conformant name: _itoa. See online help for details.
                 c:\program files\microsoft visual studio 10.0\vc\include\stdlib.h(867) : 参见“itoa”的声明
     1>e:\hgl\semantic\semantic\semanticdlg.cpp(790): warning C4996: 'fopen': This function or variable may be unsafe. Consider using fopen_s instead. To disable deprecation, use _CRT_SECURE_NO_WARNINGS. See online help for details.
                 c:\program files\microsoft visual studio 10.0\vc\include\stdio.h(234) : 参见“fopen”的声明
     1>e:\hgl\semantic\semantic\semanticdlg.cpp(795): warning C4996: '_itoa': This function or variable may be unsafe. Consider using _itoa_s instead. To disable deprecation, use _CRT_SECURE_NO_WARNINGS. See online help for details.
                 c:\program files\microsoft visual studio 10.0\vc\include\stdlib.h(451) : 参见“_itoa”的声明
       ResourceCompile:
         所有输出均为最新。
       ManifestResourceCompile:
         所有输出均为最新。
       Link:
         C:\Program Files\Microsoft Visual Studio 10.0\VC\bin\link.exe /ERRORREPORT:PROMPT /OUT:"E:\hgl\semantic\Debug\semantic.exe" /INCREMENTAL /NOLOGO /MANIFEST /ManifestFile:"Debug\semantic.exe.intermediate.manifest" /MANIFESTUAC:"level='asInvoker' uiAccess='false'" /DEBUG /PDB:"E:\hgl\semantic\Debug\semantic.pdb" /SUBSYSTEM:WINDOWS /TLBID:1 /DYNAMICBASE /NXCOMPAT /IMPLIB:"E:\hgl\semantic\Debug\semantic.lib" /MACHINE:X86 Debug\semantic.res
         Debug\semantic.exe.embed.manifest.res
         Debug\CSerialPort.obj
         Debug\Motor.obj
         Debug\NAV3XX.obj
         "Debug\semantic navigation.obj"
         Debug\semantic.obj
         Debug\semanticDlg.obj
         Debug\SocketComm.obj
         Debug\stdafx.obj
         Debug\VoiceInteraction.obj
         Debug\Wheels.obj
         msc.lib
         WINMM.LIB
       Manifest:
         C:\Program Files\Microsoft SDKs\Windows\v7.0A\bin\mt.exe /nologo /verbose /out:"Debug\semantic.exe.embed.manifest" /manifest Debug\semantic.exe.intermediate.manifest "C:\Program Files\Microsoft Visual Studio 10.0\VC\Include\Manifest\dpiaware.manifest"
         所有输出均为最新。
       LinkEmbedManifest:
         所有输出均为最新。
         semantic.vcxproj -> E:\hgl\semantic\Debug\semantic.exe
       FinalizeBuildStatus:
         正在删除文件“Debug\semantic.unsuccessfulbuild”。
         正在对“Debug\semantic.lastbuildstate”执行 Touch 任务。
     1>已完成生成项目“E:\hgl\semantic\semantic\semantic.vcxproj”(build 个目标)的操作。

生成成功。

已用时间 00:00:01.37
